<?xml version="1.0" encoding="UTF-8"?>
<testng-results ignored="0" total="1" passed="1" failed="0" skipped="0">
  <reporter-output>
  </reporter-output>
  <suite started-at="2022-08-24T16:55:02 IST" name="Surefire suite" finished-at="2022-08-24T16:55:02 IST" duration-ms="44">
    <groups>
    </groups>
    <test started-at="2022-08-24T16:55:02 IST" name="Surefire test" finished-at="2022-08-24T16:55:02 IST" duration-ms="44">
      <class name="geminisample.appiumTrial.AppTest">
        <test-method signature="shouldAnswerWithTrue()" started-at="2022-08-24T16:55:02 IST" name="shouldAnswerWithTrue" finished-at="2022-08-24T16:55:02 IST" duration-ms="6" status="PASS">
          <reporter-output>
          </reporter-output>
        </test-method> <!-- shouldAnswerWithTrue -->
      </class> <!-- geminisample.appiumTrial.AppTest -->
    </test> <!-- Surefire test -->
  </suite> <!-- Surefire suite -->
</testng-results>
