<?xml version="1.0" encoding="UTF-8"?>
<testng-results ignored="0" total="1" passed="1" failed="0" skipped="0">
  <reporter-output>
  </reporter-output>
  <suite started-at="2022-09-08T10:36:34 IST" name="Surefire suite" finished-at="2022-09-08T10:36:35 IST" duration-ms="55">
    <groups>
    </groups>
    <test started-at="2022-09-08T10:36:34 IST" name="Surefire test" finished-at="2022-09-08T10:36:35 IST" duration-ms="55">
      <class name="geminisample.appiumTrial.AppTest">
        <test-method signature="shouldAnswerWithTrue()" started-at="2022-09-08T10:36:35 IST" name="shouldAnswerWithTrue" finished-at="2022-09-08T10:36:35 IST" duration-ms="8" status="PASS">
          <reporter-output>
          </reporter-output>
        </test-method> <!-- shouldAnswerWithTrue -->
      </class> <!-- geminisample.appiumTrial.AppTest -->
    </test> <!-- Surefire test -->
  </suite> <!-- Surefire suite -->
</testng-results>
